# JRE version: Java(TM) SE Runtime Environment (17.0.12+8) (build 17.0.12+8-LTS-286)
# Java VM: Java HotSpot(TM) 64-Bit Server VM (17.0.12+8-LTS-286, mixed mode, sharing, tiered, compressed oops, compressed class ptrs, g1 gc, windows-amd64)
GC Precious Log:
 CPUs: 12 total, 12 available
 Memory: 32636M
 Large Page Support: Disabled
 NUMA Support: Disabled
 Compressed Oops: Enabled (32-bit)
 Heap Region Size: 1M
 Heap Min Capacity: 8M
 Heap Initial Capacity: 510M
 Heap Max Capacity: 2G
 Pre-touch: Disabled
 Parallel Workers: 10
 Concurrent Workers: 3
 Concurrent Refinement Workers: 10
 Periodic GC: Disabled
Heap:
 garbage-first heap   total 286720K, used 135825K [0x0000000080000000, 0x0000000100000000)
  region size 1024K, 18 young (18432K), 10 survivors (10240K)
 Metaspace       used 128603K, committed 129664K, reserved 557056K
  class space    used 16590K, committed 17088K, reserved 425984K
GC Heap History (20 events):
Event: 13.393 GC heap before
{Heap before GC invocations=22 (full 0):
 garbage-first heap   total 313344K, used 186068K [0x0000000080000000, 0x0000000100000000)
  region size 1024K, 120 young (122880K), 2 survivors (2048K)
 Metaspace       used 73848K, committed 74560K, reserved 491520K
  class space    used 9873K, committed 10176K, reserved 425984K
}
Event: 13.398 GC heap after
{Heap after GC invocations=23 (full 0):
 garbage-first heap   total 313344K, used 73913K [0x0000000080000000, 0x0000000100000000)
  region size 1024K, 11 young (11264K), 11 survivors (11264K)
 Metaspace       used 73848K, committed 74560K, reserved 491520K
  class space    used 9873K, committed 10176K, reserved 425984K
}
Event: 14.724 GC heap before
{Heap before GC invocations=23 (full 0):
 garbage-first heap   total 313344K, used 203961K [0x0000000080000000, 0x0000000100000000)
  region size 1024K, 138 young (141312K), 11 survivors (11264K)
 Metaspace       used 84632K, committed 85312K, reserved 557056K
  class space    used 11097K, committed 11392K, reserved 425984K
}
Event: 14.731 GC heap after
{Heap after GC invocations=24 (full 0):
 garbage-first heap   total 313344K, used 81274K [0x0000000080000000, 0x0000000100000000)
  region size 1024K, 9 young (9216K), 9 survivors (9216K)
 Metaspace       used 84632K, committed 85312K, reserved 557056K
  class space    used 11097K, committed 11392K, reserved 425984K
}
Event: 15.492 GC heap before
{Heap before GC invocations=24 (full 0):
 garbage-first heap   total 313344K, used 143738K [0x0000000080000000, 0x0000000100000000)
  region size 1024K, 71 young (72704K), 9 survivors (9216K)
 Metaspace       used 94550K, committed 95168K, reserved 557056K
  class space    used 12141K, committed 12416K, reserved 425984K
}
Event: 15.495 GC heap after
{Heap after GC invocations=25 (full 0):
 garbage-first heap   total 313344K, used 82720K [0x0000000080000000, 0x0000000100000000)
  region size 1024K, 11 young (11264K), 11 survivors (11264K)
 Metaspace       used 94550K, committed 95168K, reserved 557056K
  class space    used 12141K, committed 12416K, reserved 425984K
}
Event: 16.672 GC heap before
{Heap before GC invocations=26 (full 0):
 garbage-first heap   total 286720K, used 230176K [0x0000000080000000, 0x0000000100000000)
  region size 1024K, 154 young (157696K), 11 survivors (11264K)
 Metaspace       used 100563K, committed 101376K, reserved 557056K
  class space    used 13026K, committed 13376K, reserved 425984K
}
Event: 16.678 GC heap after
{Heap after GC invocations=27 (full 0):
 garbage-first heap   total 286720K, used 88226K [0x0000000080000000, 0x0000000100000000)
  region size 1024K, 16 young (16384K), 16 survivors (16384K)
 Metaspace       used 100563K, committed 101376K, reserved 557056K
  class space    used 13026K, committed 13376K, reserved 425984K
}
Event: 16.707 GC heap before
{Heap before GC invocations=27 (full 0):
 garbage-first heap   total 286720K, used 89250K [0x0000000080000000, 0x0000000100000000)
  region size 1024K, 17 young (17408K), 16 survivors (16384K)
 Metaspace       used 100683K, committed 101504K, reserved 557056K
  class space    used 13038K, committed 13376K, reserved 425984K
}
Event: 16.713 GC heap after
{Heap after GC invocations=28 (full 0):
 garbage-first heap   total 286720K, used 88859K [0x0000000080000000, 0x0000000100000000)
  region size 1024K, 3 young (3072K), 3 survivors (3072K)
 Metaspace       used 100683K, committed 101504K, reserved 557056K
  class space    used 13038K, committed 13376K, reserved 425984K
}
Event: 17.950 GC heap before
{Heap before GC invocations=28 (full 0):
 garbage-first heap   total 286720K, used 220955K [0x0000000080000000, 0x0000000100000000)
  region size 1024K, 126 young (129024K), 3 survivors (3072K)
 Metaspace       used 110811K, committed 111744K, reserved 557056K
  class space    used 14488K, committed 14912K, reserved 425984K
}
Event: 17.957 GC heap after
{Heap after GC invocations=29 (full 0):
 garbage-first heap   total 286720K, used 107574K [0x0000000080000000, 0x0000000100000000)
  region size 1024K, 15 young (15360K), 15 survivors (15360K)
 Metaspace       used 110811K, committed 111744K, reserved 557056K
  class space    used 14488K, committed 14912K, reserved 425984K
}
Event: 18.639 GC heap before
{Heap before GC invocations=30 (full 0):
 garbage-first heap   total 286720K, used 217142K [0x0000000080000000, 0x0000000100000000)
  region size 1024K, 121 young (123904K), 15 survivors (15360K)
 Metaspace       used 111744K, committed 112704K, reserved 557056K
  class space    used 14536K, committed 14976K, reserved 425984K
}
Event: 18.651 GC heap after
{Heap after GC invocations=31 (full 0):
 garbage-first heap   total 286720K, used 119305K [0x0000000080000000, 0x0000000100000000)
  region size 1024K, 13 young (13312K), 13 survivors (13312K)
 Metaspace       used 111744K, committed 112704K, reserved 557056K
  class space    used 14536K, committed 14976K, reserved 425984K
}
Event: 18.660 GC heap before
{Heap before GC invocations=31 (full 0):
 garbage-first heap   total 286720K, used 119305K [0x0000000080000000, 0x0000000100000000)
  region size 1024K, 14 young (14336K), 13 survivors (13312K)
 Metaspace       used 111808K, committed 112704K, reserved 557056K
  class space    used 14546K, committed 14976K, reserved 425984K
}
Event: 18.664 GC heap after
{Heap after GC invocations=32 (full 0):
 garbage-first heap   total 286720K, used 118900K [0x0000000080000000, 0x0000000100000000)
  region size 1024K, 2 young (2048K), 2 survivors (2048K)
 Metaspace       used 111808K, committed 112704K, reserved 557056K
  class space    used 14546K, committed 14976K, reserved 425984K
}
Event: 19.917 GC heap before
{Heap before GC invocations=32 (full 0):
 garbage-first heap   total 286720K, used 218228K [0x0000000080000000, 0x0000000100000000)
  region size 1024K, 99 young (101376K), 2 survivors (2048K)
 Metaspace       used 118406K, committed 119360K, reserved 557056K
  class space    used 15292K, committed 15744K, reserved 425984K
}
Event: 19.922 GC heap after
{Heap after GC invocations=33 (full 0):
 garbage-first heap   total 286720K, used 119983K [0x0000000080000000, 0x0000000100000000)
  region size 1024K, 10 young (10240K), 10 survivors (10240K)
 Metaspace       used 118406K, committed 119360K, reserved 557056K
  class space    used 15292K, committed 15744K, reserved 425984K
}
Event: 33.991 GC heap before
{Heap before GC invocations=33 (full 0):
 garbage-first heap   total 286720K, used 220335K [0x0000000080000000, 0x0000000100000000)
  region size 1024K, 108 young (110592K), 10 survivors (10240K)
 Metaspace       used 128231K, committed 129216K, reserved 557056K
  class space    used 16542K, committed 17024K, reserved 425984K
}
Event: 33.998 GC heap after
{Heap after GC invocations=34 (full 0):
 garbage-first heap   total 286720K, used 129681K [0x0000000080000000, 0x0000000100000000)
  region size 1024K, 10 young (10240K), 10 survivors (10240K)
 Metaspace       used 128231K, committed 129216K, reserved 557056K
  class space    used 16542K, committed 17024K, reserved 425984K
}

