# JRE version: OpenJDK Runtime Environment Temurin-21.0.7+6 (21.0.7+6) (build 21.0.7+6-LTS)
# Java VM: OpenJDK 64-Bit Server VM Temurin-21.0.7+6 (21.0.7+6-LTS, mixed mode, sharing, tiered, compressed oops, compressed class ptrs, parallel gc, windows-amd64)
GC Precious Log:
 CardTable entry size: 512
 CPUs: 12 total, 12 available
 Memory: 32636M
 Large Page Support: Disabled
 NUMA Support: Disabled
 Compressed Oops: Enabled (32-bit)
 Alignments: Space 512K, Generation 512K, Heap 2M
 Heap Min Capacity: 100M
 Heap Initial Capacity: 100M
 Heap Max Capacity: 2G
 Pre-touch: Disabled
 Parallel Workers: 10
Heap:
 PSYoungGen      total 13824K, used 4864K [0x00000000d5580000, 0x00000000d6400000, 0x0000000100000000)
  eden space 12800K, 32% used [0x00000000d5580000,0x00000000d59903a0,0x00000000d6200000)
  from space 1024K, 68% used [0x00000000d6300000,0x00000000d63b0040,0x00000000d6400000)
  to   space 1024K, 0% used [0x00000000d6200000,0x00000000d6200000,0x00000000d6300000)
 ParOldGen       total 1381888K, used 1381432K [0x0000000080000000, 0x00000000d4580000, 0x00000000d5580000)
  object space 1381888K, 99% used [0x0000000080000000,0x00000000d450e3b0,0x00000000d4580000)
 Metaspace       used 83266K, committed 84992K, reserved 1179648K
  class space    used 10127K, committed 10944K, reserved 1048576K
GC Heap History (20 events):
Event: 445.469 GC heap before
{Heap before GC invocations=2653 (full 3):
 PSYoungGen      total 13824K, used 13819K [0x00000000d5580000, 0x00000000d6500000, 0x0000000100000000)
  eden space 12800K, 100% used [0x00000000d5580000,0x00000000d6200000,0x00000000d6200000)
  from space 1024K, 99% used [0x00000000d6200000,0x00000000d62feff0,0x00000000d6300000)
  to   space 1536K, 0% used [0x00000000d6380000,0x00000000d6380000,0x00000000d6500000)
 ParOldGen       total 1378816K, used 1378470K [0x0000000080000000, 0x00000000d4280000, 0x00000000d5580000)
  object space 1378816K, 99% used [0x0000000080000000,0x00000000d4229820,0x00000000d4280000)
 Metaspace       used 81404K, committed 83072K, reserved 1179648K
  class space    used 9884K, committed 10624K, reserved 1048576K
}
Event: 445.471 GC heap after
{Heap after GC invocations=2653 (full 3):
 PSYoungGen      total 13312K, used 320K [0x00000000d5580000, 0x00000000d6400000, 0x0000000100000000)
  eden space 12800K, 0% used [0x00000000d5580000,0x00000000d5580000,0x00000000d6200000)
  from space 512K, 62% used [0x00000000d6380000,0x00000000d63d0000,0x00000000d6400000)
  to   space 1024K, 0% used [0x00000000d6200000,0x00000000d6200000,0x00000000d6300000)
 ParOldGen       total 1378816K, used 1378573K [0x0000000080000000, 0x00000000d4280000, 0x00000000d5580000)
  object space 1378816K, 99% used [0x0000000080000000,0x00000000d4243780,0x00000000d4280000)
 Metaspace       used 81404K, committed 83072K, reserved 1179648K
  class space    used 9884K, committed 10624K, reserved 1048576K
}
Event: 445.503 GC heap before
{Heap before GC invocations=2654 (full 3):
 PSYoungGen      total 13312K, used 13120K [0x00000000d5580000, 0x00000000d6400000, 0x0000000100000000)
  eden space 12800K, 100% used [0x00000000d5580000,0x00000000d6200000,0x00000000d6200000)
  from space 512K, 62% used [0x00000000d6380000,0x00000000d63d0000,0x00000000d6400000)
  to   space 1024K, 0% used [0x00000000d6200000,0x00000000d6200000,0x00000000d6300000)
 ParOldGen       total 1378816K, used 1378573K [0x0000000080000000, 0x00000000d4280000, 0x00000000d5580000)
  object space 1378816K, 99% used [0x0000000080000000,0x00000000d4243780,0x00000000d4280000)
 Metaspace       used 81404K, committed 83072K, reserved 1179648K
  class space    used 9884K, committed 10624K, reserved 1048576K
}
Event: 445.504 GC heap after
{Heap after GC invocations=2654 (full 3):
 PSYoungGen      total 13824K, used 1015K [0x00000000d5580000, 0x00000000d6500000, 0x0000000100000000)
  eden space 12800K, 0% used [0x00000000d5580000,0x00000000d5580000,0x00000000d6200000)
  from space 1024K, 99% used [0x00000000d6200000,0x00000000d62fdfb0,0x00000000d6300000)
  to   space 1536K, 0% used [0x00000000d6380000,0x00000000d6380000,0x00000000d6500000)
 ParOldGen       total 1378816K, used 1378682K [0x0000000080000000, 0x00000000d4280000, 0x00000000d5580000)
  object space 1378816K, 99% used [0x0000000080000000,0x00000000d425ebe8,0x00000000d4280000)
 Metaspace       used 81404K, committed 83072K, reserved 1179648K
  class space    used 9884K, committed 10624K, reserved 1048576K
}
Event: 445.537 GC heap before
{Heap before GC invocations=2655 (full 3):
 PSYoungGen      total 13824K, used 13815K [0x00000000d5580000, 0x00000000d6500000, 0x0000000100000000)
  eden space 12800K, 100% used [0x00000000d5580000,0x00000000d6200000,0x00000000d6200000)
  from space 1024K, 99% used [0x00000000d6200000,0x00000000d62fdfb0,0x00000000d6300000)
  to   space 1536K, 0% used [0x00000000d6380000,0x00000000d6380000,0x00000000d6500000)
 ParOldGen       total 1378816K, used 1378682K [0x0000000080000000, 0x00000000d4280000, 0x00000000d5580000)
  object space 1378816K, 99% used [0x0000000080000000,0x00000000d425ebe8,0x00000000d4280000)
 Metaspace       used 81404K, committed 83072K, reserved 1179648K
  class space    used 9884K, committed 10624K, reserved 1048576K
}
Event: 445.538 GC heap after
{Heap after GC invocations=2655 (full 3):
 PSYoungGen      total 13312K, used 288K [0x00000000d5580000, 0x00000000d6400000, 0x0000000100000000)
  eden space 12800K, 0% used [0x00000000d5580000,0x00000000d5580000,0x00000000d6200000)
  from space 512K, 56% used [0x00000000d6380000,0x00000000d63c8000,0x00000000d6400000)
  to   space 1024K, 0% used [0x00000000d6200000,0x00000000d6200000,0x00000000d6300000)
 ParOldGen       total 1379328K, used 1378825K [0x0000000080000000, 0x00000000d4300000, 0x00000000d5580000)
  object space 1379328K, 99% used [0x0000000080000000,0x00000000d42826a8,0x00000000d4300000)
 Metaspace       used 81404K, committed 83072K, reserved 1179648K
  class space    used 9884K, committed 10624K, reserved 1048576K
}
Event: 445.571 GC heap before
{Heap before GC invocations=2656 (full 3):
 PSYoungGen      total 13312K, used 13088K [0x00000000d5580000, 0x00000000d6400000, 0x0000000100000000)
  eden space 12800K, 100% used [0x00000000d5580000,0x00000000d6200000,0x00000000d6200000)
  from space 512K, 56% used [0x00000000d6380000,0x00000000d63c8000,0x00000000d6400000)
  to   space 1024K, 0% used [0x00000000d6200000,0x00000000d6200000,0x00000000d6300000)
 ParOldGen       total 1379328K, used 1378825K [0x0000000080000000, 0x00000000d4300000, 0x00000000d5580000)
  object space 1379328K, 99% used [0x0000000080000000,0x00000000d42826a8,0x00000000d4300000)
 Metaspace       used 81404K, committed 83072K, reserved 1179648K
  class space    used 9884K, committed 10624K, reserved 1048576K
}
Event: 445.573 GC heap after
{Heap after GC invocations=2656 (full 3):
 PSYoungGen      total 13824K, used 1011K [0x00000000d5580000, 0x00000000d6500000, 0x0000000100000000)
  eden space 12800K, 0% used [0x00000000d5580000,0x00000000d5580000,0x00000000d6200000)
  from space 1024K, 98% used [0x00000000d6200000,0x00000000d62fcfd0,0x00000000d6300000)
  to   space 1536K, 0% used [0x00000000d6380000,0x00000000d6380000,0x00000000d6500000)
 ParOldGen       total 1379328K, used 1378905K [0x0000000080000000, 0x00000000d4300000, 0x00000000d5580000)
  object space 1379328K, 99% used [0x0000000080000000,0x00000000d42966b8,0x00000000d4300000)
 Metaspace       used 81404K, committed 83072K, reserved 1179648K
  class space    used 9884K, committed 10624K, reserved 1048576K
}
Event: 445.605 GC heap before
{Heap before GC invocations=2657 (full 3):
 PSYoungGen      total 13824K, used 13811K [0x00000000d5580000, 0x00000000d6500000, 0x0000000100000000)
  eden space 12800K, 100% used [0x00000000d5580000,0x00000000d6200000,0x00000000d6200000)
  from space 1024K, 98% used [0x00000000d6200000,0x00000000d62fcfd0,0x00000000d6300000)
  to   space 1536K, 0% used [0x00000000d6380000,0x00000000d6380000,0x00000000d6500000)
 ParOldGen       total 1379328K, used 1378905K [0x0000000080000000, 0x00000000d4300000, 0x00000000d5580000)
  object space 1379328K, 99% used [0x0000000080000000,0x00000000d42966b8,0x00000000d4300000)
 Metaspace       used 81404K, committed 83072K, reserved 1179648K
  class space    used 9884K, committed 10624K, reserved 1048576K
}
Event: 445.606 GC heap after
{Heap after GC invocations=2657 (full 3):
 PSYoungGen      total 13312K, used 192K [0x00000000d5580000, 0x00000000d6400000, 0x0000000100000000)
  eden space 12800K, 0% used [0x00000000d5580000,0x00000000d5580000,0x00000000d6200000)
  from space 512K, 37% used [0x00000000d6380000,0x00000000d63b0000,0x00000000d6400000)
  to   space 512K, 0% used [0x00000000d6300000,0x00000000d6300000,0x00000000d6380000)
 ParOldGen       total 1379328K, used 1379157K [0x0000000080000000, 0x00000000d4300000, 0x00000000d5580000)
  object space 1379328K, 99% used [0x0000000080000000,0x00000000d42d5608,0x00000000d4300000)
 Metaspace       used 81404K, committed 83072K, reserved 1179648K
  class space    used 9884K, committed 10624K, reserved 1048576K
}
Event: 445.639 GC heap before
{Heap before GC invocations=2658 (full 3):
 PSYoungGen      total 13312K, used 12992K [0x00000000d5580000, 0x00000000d6400000, 0x0000000100000000)
  eden space 12800K, 100% used [0x00000000d5580000,0x00000000d6200000,0x00000000d6200000)
  from space 512K, 37% used [0x00000000d6380000,0x00000000d63b0000,0x00000000d6400000)
  to   space 512K, 0% used [0x00000000d6300000,0x00000000d6300000,0x00000000d6380000)
 ParOldGen       total 1379328K, used 1379157K [0x0000000080000000, 0x00000000d4300000, 0x00000000d5580000)
  object space 1379328K, 99% used [0x0000000080000000,0x00000000d42d5608,0x00000000d4300000)
 Metaspace       used 81404K, committed 83072K, reserved 1179648K
  class space    used 9884K, committed 10624K, reserved 1048576K
}
Event: 445.641 GC heap after
{Heap after GC invocations=2658 (full 3):
 PSYoungGen      total 13312K, used 500K [0x00000000d5580000, 0x00000000d6500000, 0x0000000100000000)
  eden space 12800K, 0% used [0x00000000d5580000,0x00000000d5580000,0x00000000d6200000)
  from space 512K, 97% used [0x00000000d6300000,0x00000000d637d390,0x00000000d6380000)
  to   space 1536K, 0% used [0x00000000d6380000,0x00000000d6380000,0x00000000d6500000)
 ParOldGen       total 1379840K, used 1379578K [0x0000000080000000, 0x00000000d4380000, 0x00000000d5580000)
  object space 1379840K, 99% used [0x0000000080000000,0x00000000d433e968,0x00000000d4380000)
 Metaspace       used 81404K, committed 83072K, reserved 1179648K
  class space    used 9884K, committed 10624K, reserved 1048576K
}
Event: 445.673 GC heap before
{Heap before GC invocations=2659 (full 3):
 PSYoungGen      total 13312K, used 13300K [0x00000000d5580000, 0x00000000d6500000, 0x0000000100000000)
  eden space 12800K, 100% used [0x00000000d5580000,0x00000000d6200000,0x00000000d6200000)
  from space 512K, 97% used [0x00000000d6300000,0x00000000d637d390,0x00000000d6380000)
  to   space 1536K, 0% used [0x00000000d6380000,0x00000000d6380000,0x00000000d6500000)
 ParOldGen       total 1379840K, used 1379578K [0x0000000080000000, 0x00000000d4380000, 0x00000000d5580000)
  object space 1379840K, 99% used [0x0000000080000000,0x00000000d433e968,0x00000000d4380000)
 Metaspace       used 81404K, committed 83072K, reserved 1179648K
  class space    used 9884K, committed 10624K, reserved 1048576K
}
Event: 445.674 GC heap after
{Heap after GC invocations=2659 (full 3):
 PSYoungGen      total 13312K, used 256K [0x00000000d5580000, 0x00000000d6400000, 0x0000000100000000)
  eden space 12800K, 0% used [0x00000000d5580000,0x00000000d5580000,0x00000000d6200000)
  from space 512K, 50% used [0x00000000d6380000,0x00000000d63c0000,0x00000000d6400000)
  to   space 512K, 0% used [0x00000000d6300000,0x00000000d6300000,0x00000000d6380000)
 ParOldGen       total 1379840K, used 1379834K [0x0000000080000000, 0x00000000d4380000, 0x00000000d5580000)
  object space 1379840K, 99% used [0x0000000080000000,0x00000000d437e9f8,0x00000000d4380000)
 Metaspace       used 81404K, committed 83072K, reserved 1179648K
  class space    used 9884K, committed 10624K, reserved 1048576K
}
Event: 445.769 GC heap before
{Heap before GC invocations=2660 (full 3):
 PSYoungGen      total 13312K, used 13056K [0x00000000d5580000, 0x00000000d6400000, 0x0000000100000000)
  eden space 12800K, 100% used [0x00000000d5580000,0x00000000d6200000,0x00000000d6200000)
  from space 512K, 50% used [0x00000000d6380000,0x00000000d63c0000,0x00000000d6400000)
  to   space 512K, 0% used [0x00000000d6300000,0x00000000d6300000,0x00000000d6380000)
 ParOldGen       total 1379840K, used 1379834K [0x0000000080000000, 0x00000000d4380000, 0x00000000d5580000)
  object space 1379840K, 99% used [0x0000000080000000,0x00000000d437e9f8,0x00000000d4380000)
 Metaspace       used 82280K, committed 83968K, reserved 1179648K
  class space    used 10004K, committed 10752K, reserved 1048576K
}
Event: 445.770 GC heap after
{Heap after GC invocations=2660 (full 3):
 PSYoungGen      total 13312K, used 416K [0x00000000d5580000, 0x00000000d6400000, 0x0000000100000000)
  eden space 12800K, 0% used [0x00000000d5580000,0x00000000d5580000,0x00000000d6200000)
  from space 512K, 81% used [0x00000000d6300000,0x00000000d6368000,0x00000000d6380000)
  to   space 512K, 0% used [0x00000000d6380000,0x00000000d6380000,0x00000000d6400000)
 ParOldGen       total 1380352K, used 1379890K [0x0000000080000000, 0x00000000d4400000, 0x00000000d5580000)
  object space 1380352K, 99% used [0x0000000080000000,0x00000000d438ca08,0x00000000d4400000)
 Metaspace       used 82280K, committed 83968K, reserved 1179648K
  class space    used 10004K, committed 10752K, reserved 1048576K
}
Event: 448.108 GC heap before
{Heap before GC invocations=2661 (full 3):
 PSYoungGen      total 13312K, used 13180K [0x00000000d5580000, 0x00000000d6400000, 0x0000000100000000)
  eden space 12800K, 99% used [0x00000000d5580000,0x00000000d61f72b8,0x00000000d6200000)
  from space 512K, 81% used [0x00000000d6300000,0x00000000d6368000,0x00000000d6380000)
  to   space 512K, 0% used [0x00000000d6380000,0x00000000d6380000,0x00000000d6400000)
 ParOldGen       total 1380352K, used 1379890K [0x0000000080000000, 0x00000000d4400000, 0x00000000d5580000)
  object space 1380352K, 99% used [0x0000000080000000,0x00000000d438ca08,0x00000000d4400000)
 Metaspace       used 83007K, committed 84736K, reserved 1179648K
  class space    used 10107K, committed 10880K, reserved 1048576K
}
Event: 448.110 GC heap after
{Heap after GC invocations=2661 (full 3):
 PSYoungGen      total 13312K, used 495K [0x00000000d5580000, 0x00000000d6500000, 0x0000000100000000)
  eden space 12800K, 0% used [0x00000000d5580000,0x00000000d5580000,0x00000000d6200000)
  from space 512K, 96% used [0x00000000d6380000,0x00000000d63fbfa8,0x00000000d6400000)
  to   space 1536K, 0% used [0x00000000d6200000,0x00000000d6200000,0x00000000d6380000)
 ParOldGen       total 1380864K, used 1380401K [0x0000000080000000, 0x00000000d4480000, 0x00000000d5580000)
  object space 1380864K, 99% used [0x0000000080000000,0x00000000d440c748,0x00000000d4480000)
 Metaspace       used 83007K, committed 84736K, reserved 1179648K
  class space    used 10107K, committed 10880K, reserved 1048576K
}
Event: 448.594 GC heap before
{Heap before GC invocations=2662 (full 3):
 PSYoungGen      total 13312K, used 13295K [0x00000000d5580000, 0x00000000d6500000, 0x0000000100000000)
  eden space 12800K, 99% used [0x00000000d5580000,0x00000000d61ffff8,0x00000000d6200000)
  from space 512K, 96% used [0x00000000d6380000,0x00000000d63fbfa8,0x00000000d6400000)
  to   space 1536K, 0% used [0x00000000d6200000,0x00000000d6200000,0x00000000d6380000)
 ParOldGen       total 1380864K, used 1380401K [0x0000000080000000, 0x00000000d4480000, 0x00000000d5580000)
  object space 1380864K, 99% used [0x0000000080000000,0x00000000d440c748,0x00000000d4480000)
 Metaspace       used 83201K, committed 84928K, reserved 1179648K
  class space    used 10127K, committed 10944K, reserved 1048576K
}
Event: 448.597 GC heap after
{Heap after GC invocations=2662 (full 3):
 PSYoungGen      total 13824K, used 832K [0x00000000d5580000, 0x00000000d6400000, 0x0000000100000000)
  eden space 12800K, 0% used [0x00000000d5580000,0x00000000d5580000,0x00000000d6200000)
  from space 1024K, 81% used [0x00000000d6200000,0x00000000d62d0040,0x00000000d6300000)
  to   space 1024K, 0% used [0x00000000d6300000,0x00000000d6300000,0x00000000d6400000)
 ParOldGen       total 1380864K, used 1380811K [0x0000000080000000, 0x00000000d4480000, 0x00000000d5580000)
  object space 1380864K, 99% used [0x0000000080000000,0x00000000d4472ef0,0x00000000d4480000)
 Metaspace       used 83201K, committed 84928K, reserved 1179648K
  class space    used 10127K, committed 10944K, reserved 1048576K
}

